2022-01-24 00:15:25,713 |-INFO  in Application o.s.b.StartupInfoLogger - Starting Application using Java 15.0.2 on DESKTOP-U0OGVV4 with PID 6040 (C:\Users\nikol\IdeaProjects\irent-service-1.0.0-SNAPSHOT\target\classes started by nikol in C:\Users\nikol\IdeaProjects\irent-service-1.0.0-SNAPSHOT)
2022-01-24 00:15:25,794 |-DEBUG in Application o.s.b.StartupInfoLogger - Running with Spring Boot v2.6.1, Spring v5.3.13
2022-01-24 00:15:25,794 |-INFO  in Application o.s.b.SpringApplication - No active profile set, falling back to default profiles: default
2022-01-24 00:15:26,967 |-INFO  in RepositoryConfigurationDelegate o.s.d.r.c.RepositoryConfigurationDelegate - Bootstrapping Spring Data JPA repositories in DEFAULT mode.
2022-01-24 00:15:27,083 |-INFO  in RepositoryConfigurationDelegate o.s.d.r.c.RepositoryConfigurationDelegate - Finished Spring Data repository scanning in 111 ms. Found 4 JPA repository interfaces.
2022-01-24 00:15:27,801 |-INFO  in TomcatWebServer o.s.b.w.e.t.TomcatWebServer - Tomcat initialized with port(s): 8086 (http)
2022-01-24 00:15:27,817 |-INFO  in Http11NioProtocol o.a.j.l.DirectJDKLog - Initializing ProtocolHandler ["http-nio-8086"]
2022-01-24 00:15:27,817 |-INFO  in StandardService o.a.j.l.DirectJDKLog - Starting service [Tomcat]
2022-01-24 00:15:27,817 |-INFO  in StandardEngine o.a.j.l.DirectJDKLog - Starting Servlet engine: [Apache Tomcat/9.0.55]
2022-01-24 00:15:27,986 |-INFO  in [/] o.a.j.l.DirectJDKLog - Initializing Spring embedded WebApplicationContext
2022-01-24 00:15:27,986 |-INFO  in ServletWebServerApplicationContext o.s.b.w.s.c.ServletWebServerApplicationContext - Root WebApplicationContext: initialization completed in 2027 ms
2022-01-24 00:15:28,318 |-INFO  in HikariDataSource c.z.h.HikariDataSource - HikariPool-1 - Starting...
2022-01-24 00:15:28,772 |-INFO  in HikariDataSource c.z.h.HikariDataSource - HikariPool-1 - Start completed.
2022-01-24 00:15:28,857 |-INFO  in database l.l.c.JavaLogger - Set default schema name to PUBLIC
2022-01-24 00:15:29,105 |-INFO  in lockservice l.l.c.JavaLogger - Successfully acquired change log lock
2022-01-24 00:15:29,938 |-INFO  in changelog l.l.c.JavaLogger - Reading from PUBLIC.DATABASECHANGELOG
2022-01-24 00:15:30,007 |-INFO  in lockservice l.l.c.JavaLogger - Successfully released change log lock
2022-01-24 00:15:30,161 |-INFO  in LogHelper o.h.j.i.u.LogHelper - HHH000204: Processing PersistenceUnitInfo [name: default]
2022-01-24 00:15:30,223 |-INFO  in Version o.h.Version - HHH000412: Hibernate ORM core version 5.6.1.Final
2022-01-24 00:15:30,547 |-INFO  in Version o.h.a.c.r.j.JavaReflectionManager - HCANN000001: Hibernate Commons Annotations {5.1.2.Final}
2022-01-24 00:15:30,679 |-INFO  in Dialect o.h.d.Dialect - HHH000400: Using dialect: org.hibernate.dialect.H2Dialect
2022-01-24 00:15:31,694 |-INFO  in JtaPlatformInitiator o.h.e.t.j.p.i.JtaPlatformInitiator - HHH000490: Using JtaPlatform implementation: [org.hibernate.engine.transaction.jta.platform.internal.NoJtaPlatform]
2022-01-24 00:15:31,701 |-INFO  in LocalContainerEntityManagerFactoryBean o.s.o.j.AbstractEntityManagerFactoryBean - Initialized JPA EntityManagerFactory for persistence unit 'default'
2022-01-24 00:15:32,831 |-WARN  in JpaBaseConfiguration$JpaWebConfiguration o.s.b.a.o.j.JpaBaseConfiguration$JpaWebConfiguration - spring.jpa.open-in-view is enabled by default. Therefore, database queries may be performed during view rendering. Explicitly configure spring.jpa.open-in-view to disable this warning
2022-01-24 00:15:34,133 |-INFO  in Http11NioProtocol o.a.j.l.DirectJDKLog - Starting ProtocolHandler ["http-nio-8086"]
2022-01-24 00:15:34,180 |-INFO  in TomcatWebServer o.s.b.w.e.t.TomcatWebServer - Tomcat started on port(s): 8086 (http) with context path ''
2022-01-24 00:15:34,195 |-INFO  in Application o.s.b.StartupInfoLogger - Started Application in 9.993 seconds (JVM running for 11.658)
2022-01-24 00:24:42,995 |-INFO  in LocalContainerEntityManagerFactoryBean o.s.o.j.AbstractEntityManagerFactoryBean - Closing JPA EntityManagerFactory for persistence unit 'default'
2022-01-24 00:24:43,033 |-INFO  in HikariDataSource c.z.h.HikariDataSource - HikariPool-1 - Shutdown initiated...
2022-01-24 00:24:43,296 |-INFO  in HikariDataSource c.z.h.HikariDataSource - HikariPool-1 - Shutdown completed.
2022-01-24 00:27:14,896 |-INFO  in Application o.s.b.StartupInfoLogger - Starting Application using Java 15.0.2 on DESKTOP-U0OGVV4 with PID 1212 (C:\Users\nikol\IdeaProjects\irent-service-1.0.0-SNAPSHOT\target\classes started by nikol in C:\Users\nikol\IdeaProjects\irent-service-1.0.0-SNAPSHOT)
2022-01-24 00:27:14,896 |-DEBUG in Application o.s.b.StartupInfoLogger - Running with Spring Boot v2.6.1, Spring v5.3.13
2022-01-24 00:27:14,896 |-INFO  in Application o.s.b.SpringApplication - No active profile set, falling back to default profiles: default
2022-01-24 00:27:16,479 |-INFO  in RepositoryConfigurationDelegate o.s.d.r.c.RepositoryConfigurationDelegate - Bootstrapping Spring Data JPA repositories in DEFAULT mode.
2022-01-24 00:27:16,611 |-INFO  in RepositoryConfigurationDelegate o.s.d.r.c.RepositoryConfigurationDelegate - Finished Spring Data repository scanning in 118 ms. Found 4 JPA repository interfaces.
2022-01-24 00:27:17,289 |-INFO  in TomcatWebServer o.s.b.w.e.t.TomcatWebServer - Tomcat initialized with port(s): 8086 (http)
2022-01-24 00:27:17,289 |-INFO  in Http11NioProtocol o.a.j.l.DirectJDKLog - Initializing ProtocolHandler ["http-nio-8086"]
2022-01-24 00:27:17,289 |-INFO  in StandardService o.a.j.l.DirectJDKLog - Starting service [Tomcat]
2022-01-24 00:27:17,289 |-INFO  in StandardEngine o.a.j.l.DirectJDKLog - Starting Servlet engine: [Apache Tomcat/9.0.55]
2022-01-24 00:27:17,459 |-INFO  in [/] o.a.j.l.DirectJDKLog - Initializing Spring embedded WebApplicationContext
2022-01-24 00:27:17,459 |-INFO  in ServletWebServerApplicationContext o.s.b.w.s.c.ServletWebServerApplicationContext - Root WebApplicationContext: initialization completed in 2463 ms
2022-01-24 00:27:17,728 |-INFO  in HikariDataSource c.z.h.HikariDataSource - HikariPool-1 - Starting...
2022-01-24 00:27:18,215 |-INFO  in HikariDataSource c.z.h.HikariDataSource - HikariPool-1 - Start completed.
2022-01-24 00:27:18,763 |-INFO  in database l.l.c.JavaLogger - Set default schema name to PUBLIC
2022-01-24 00:27:18,995 |-INFO  in lockservice l.l.c.JavaLogger - Successfully acquired change log lock
2022-01-24 00:27:19,766 |-INFO  in changelog l.l.c.JavaLogger - Reading from PUBLIC.DATABASECHANGELOG
2022-01-24 00:27:19,866 |-INFO  in lockservice l.l.c.JavaLogger - Successfully released change log lock
2022-01-24 00:27:19,998 |-INFO  in LogHelper o.h.j.i.u.LogHelper - HHH000204: Processing PersistenceUnitInfo [name: default]
2022-01-24 00:27:20,067 |-INFO  in Version o.h.Version - HHH000412: Hibernate ORM core version 5.6.1.Final
2022-01-24 00:27:20,433 |-INFO  in Version o.h.a.c.r.j.JavaReflectionManager - HCANN000001: Hibernate Commons Annotations {5.1.2.Final}
2022-01-24 00:27:20,549 |-INFO  in Dialect o.h.d.Dialect - HHH000400: Using dialect: org.hibernate.dialect.H2Dialect
2022-01-24 00:27:21,483 |-INFO  in JtaPlatformInitiator o.h.e.t.j.p.i.JtaPlatformInitiator - HHH000490: Using JtaPlatform implementation: [org.hibernate.engine.transaction.jta.platform.internal.NoJtaPlatform]
2022-01-24 00:27:21,505 |-INFO  in LocalContainerEntityManagerFactoryBean o.s.o.j.AbstractEntityManagerFactoryBean - Initialized JPA EntityManagerFactory for persistence unit 'default'
2022-01-24 00:27:22,301 |-WARN  in JpaBaseConfiguration$JpaWebConfiguration o.s.b.a.o.j.JpaBaseConfiguration$JpaWebConfiguration - spring.jpa.open-in-view is enabled by default. Therefore, database queries may be performed during view rendering. Explicitly configure spring.jpa.open-in-view to disable this warning
2022-01-24 00:27:23,297 |-INFO  in Http11NioProtocol o.a.j.l.DirectJDKLog - Starting ProtocolHandler ["http-nio-8086"]
2022-01-24 00:27:23,326 |-INFO  in TomcatWebServer o.s.b.w.e.t.TomcatWebServer - Tomcat started on port(s): 8086 (http) with context path ''
2022-01-24 00:27:23,341 |-INFO  in Application o.s.b.StartupInfoLogger - Started Application in 9.207 seconds (JVM running for 11.77)
2022-01-24 00:28:31,302 |-INFO  in [/] o.a.j.l.DirectJDKLog - Initializing Spring DispatcherServlet 'dispatcherServlet'
2022-01-24 00:28:31,302 |-INFO  in DispatcherServlet o.s.w.s.FrameworkServlet - Initializing Servlet 'dispatcherServlet'
2022-01-24 00:28:31,302 |-INFO  in DispatcherServlet o.s.w.s.FrameworkServlet - Completed initialization in 0 ms
2022-01-24 00:28:31,395 |-INFO  in RestControllerSecurityInterceptor c.a.r.i.S.c.RestControllerSecurityInterceptor - Пользователь [netreba], роль[ADMIN]
2022-01-24 00:28:31,723 |-INFO  in RestControllerSecurityInterceptor c.a.r.i.S.c.RestControllerSecurityInterceptor - Пользователь [netreba], роль[ADMIN]
2022-01-24 00:28:31,727 |-INFO  in VehicleServiceImpl c.a.r.i.S.s.ParkingServiceImpl - получение всех парковок.
2022-01-24 00:28:31,729 |-INFO  in RestControllerSecurityInterceptor c.a.r.i.S.c.RestControllerSecurityInterceptor - Пользователь [netreba], роль[ADMIN]
2022-01-24 00:28:31,734 |-INFO  in VehicleServiceImpl c.a.r.i.S.s.VehicleServiceImpl - Получение всех транспортов.
2022-01-24 00:28:46,639 |-INFO  in RestControllerSecurityInterceptor c.a.r.i.S.c.RestControllerSecurityInterceptor - Пользователь [netreba], роль[ADMIN]
2022-01-24 00:28:46,639 |-INFO  in VehicleServiceImpl c.a.r.i.S.s.ParkingServiceImpl - получение всех парковок.
2022-01-24 00:29:02,685 |-INFO  in RestControllerSecurityInterceptor c.a.r.i.S.c.RestControllerSecurityInterceptor - Пользователь [netreba], роль[ADMIN]
2022-01-24 00:29:02,823 |-INFO  in VehicleServiceImpl c.a.r.i.S.s.VehicleServiceImpl - создание самоката.
2022-01-24 00:29:02,843 |-INFO  in RestControllerSecurityInterceptor c.a.r.i.S.c.RestControllerSecurityInterceptor - Пользователь [netreba], роль[ADMIN]
2022-01-24 00:29:02,843 |-INFO  in RestControllerSecurityInterceptor c.a.r.i.S.c.RestControllerSecurityInterceptor - Пользователь [netreba], роль[ADMIN]
2022-01-24 00:29:02,843 |-INFO  in VehicleServiceImpl c.a.r.i.S.s.VehicleServiceImpl - Получение всех транспортов.
2022-01-24 00:29:02,843 |-INFO  in VehicleServiceImpl c.a.r.i.S.s.ParkingServiceImpl - получение всех парковок.
2022-01-24 00:29:05,528 |-INFO  in RestControllerSecurityInterceptor c.a.r.i.S.c.RestControllerSecurityInterceptor - Пользователь [netreba], роль[ADMIN]
2022-01-24 00:29:05,531 |-INFO  in VehicleServiceImpl c.a.r.i.S.s.TripServiceImpl - получение всех поездок
2022-01-24 00:29:06,423 |-INFO  in RestControllerSecurityInterceptor c.a.r.i.S.c.RestControllerSecurityInterceptor - Пользователь [netreba], роль[ADMIN]
2022-01-24 00:29:06,423 |-INFO  in RestControllerSecurityInterceptor c.a.r.i.S.c.RestControllerSecurityInterceptor - Пользователь [netreba], роль[ADMIN]
2022-01-24 00:29:06,424 |-INFO  in VehicleServiceImpl c.a.r.i.S.s.ParkingServiceImpl - получение всех парковок.
2022-01-24 00:29:06,424 |-INFO  in VehicleServiceImpl c.a.r.i.S.s.VehicleServiceImpl - Получение всех транспортов.
2022-01-24 00:29:08,730 |-INFO  in RestControllerSecurityInterceptor c.a.r.i.S.c.RestControllerSecurityInterceptor - Пользователь [netreba], роль[ADMIN]
2022-01-24 00:29:09,144 |-INFO  in RestControllerSecurityInterceptor c.a.r.i.S.c.RestControllerSecurityInterceptor - Пользователь [netreba], роль[ADMIN]
2022-01-24 00:29:09,144 |-INFO  in RestControllerSecurityInterceptor c.a.r.i.S.c.RestControllerSecurityInterceptor - Пользователь [netreba], роль[ADMIN]
2022-01-24 00:29:09,144 |-INFO  in VehicleServiceImpl c.a.r.i.S.s.VehicleServiceImpl - Получение всех транспортов.
2022-01-24 00:29:09,144 |-INFO  in VehicleServiceImpl c.a.r.i.S.s.ParkingServiceImpl - получение всех парковок.
2022-01-24 00:29:19,938 |-INFO  in RestControllerSecurityInterceptor c.a.r.i.S.c.RestControllerSecurityInterceptor - Пользователь [ivanov], роль[USER]
2022-01-24 00:29:20,344 |-INFO  in RestControllerSecurityInterceptor c.a.r.i.S.c.RestControllerSecurityInterceptor - Пользователь [ivanov], роль[USER]
2022-01-24 00:29:20,346 |-INFO  in VehicleServiceImpl c.a.r.i.S.s.VehicleServiceImpl - Получение всех транспортов.
2022-01-24 00:29:20,351 |-INFO  in RestControllerSecurityInterceptor c.a.r.i.S.c.RestControllerSecurityInterceptor - Пользователь [ivanov], роль[USER]
2022-01-24 00:29:20,352 |-INFO  in VehicleServiceImpl c.a.r.i.S.s.ParkingServiceImpl - получение всех парковок.
2022-01-24 00:29:45,835 |-INFO  in LocalContainerEntityManagerFactoryBean o.s.o.j.AbstractEntityManagerFactoryBean - Closing JPA EntityManagerFactory for persistence unit 'default'
2022-01-24 00:29:45,850 |-INFO  in HikariDataSource c.z.h.HikariDataSource - HikariPool-1 - Shutdown initiated...
2022-01-24 00:29:45,935 |-INFO  in HikariDataSource c.z.h.HikariDataSource - HikariPool-1 - Shutdown completed.
2022-01-24 00:44:42,836 |-INFO  in Application o.s.b.StartupInfoLogger - Starting Application using Java 15.0.2 on DESKTOP-U0OGVV4 with PID 5384 (C:\Users\nikol\IdeaProjects\irent-service-1.0.0-SNAPSHOT\target\classes started by nikol in C:\Users\nikol\IdeaProjects\irent-service-1.0.0-SNAPSHOT)
2022-01-24 00:44:42,843 |-DEBUG in Application o.s.b.StartupInfoLogger - Running with Spring Boot v2.6.1, Spring v5.3.13
2022-01-24 00:44:42,843 |-INFO  in Application o.s.b.SpringApplication - No active profile set, falling back to default profiles: default
2022-01-24 00:44:44,099 |-INFO  in RepositoryConfigurationDelegate o.s.d.r.c.RepositoryConfigurationDelegate - Bootstrapping Spring Data JPA repositories in DEFAULT mode.
2022-01-24 00:44:44,399 |-INFO  in RepositoryConfigurationDelegate o.s.d.r.c.RepositoryConfigurationDelegate - Finished Spring Data repository scanning in 223 ms. Found 4 JPA repository interfaces.
2022-01-24 00:44:45,113 |-INFO  in TomcatWebServer o.s.b.w.e.t.TomcatWebServer - Tomcat initialized with port(s): 8086 (http)
2022-01-24 00:44:45,129 |-INFO  in Http11NioProtocol o.a.j.l.DirectJDKLog - Initializing ProtocolHandler ["http-nio-8086"]
2022-01-24 00:44:45,129 |-INFO  in StandardService o.a.j.l.DirectJDKLog - Starting service [Tomcat]
2022-01-24 00:44:45,129 |-INFO  in StandardEngine o.a.j.l.DirectJDKLog - Starting Servlet engine: [Apache Tomcat/9.0.55]
2022-01-24 00:44:45,306 |-INFO  in [/] o.a.j.l.DirectJDKLog - Initializing Spring embedded WebApplicationContext
2022-01-24 00:44:45,307 |-INFO  in ServletWebServerApplicationContext o.s.b.w.s.c.ServletWebServerApplicationContext - Root WebApplicationContext: initialization completed in 2352 ms
2022-01-24 00:44:45,584 |-INFO  in HikariDataSource c.z.h.HikariDataSource - HikariPool-1 - Starting...
2022-01-24 00:44:46,322 |-INFO  in HikariDataSource c.z.h.HikariDataSource - HikariPool-1 - Start completed.
2022-01-24 00:44:46,614 |-INFO  in database l.l.c.JavaLogger - Set default schema name to PUBLIC
2022-01-24 00:44:47,219 |-INFO  in lockservice l.l.c.JavaLogger - Successfully acquired change log lock
2022-01-24 00:44:48,044 |-INFO  in changelog l.l.c.JavaLogger - Reading from PUBLIC.DATABASECHANGELOG
2022-01-24 00:44:48,144 |-INFO  in lockservice l.l.c.JavaLogger - Successfully released change log lock
2022-01-24 00:44:48,293 |-INFO  in LogHelper o.h.j.i.u.LogHelper - HHH000204: Processing PersistenceUnitInfo [name: default]
2022-01-24 00:44:48,356 |-INFO  in Version o.h.Version - HHH000412: Hibernate ORM core version 5.6.1.Final
2022-01-24 00:44:48,556 |-INFO  in Version o.h.a.c.r.j.JavaReflectionManager - HCANN000001: Hibernate Commons Annotations {5.1.2.Final}
2022-01-24 00:44:48,700 |-INFO  in Dialect o.h.d.Dialect - HHH000400: Using dialect: org.hibernate.dialect.H2Dialect
2022-01-24 00:44:49,979 |-INFO  in JtaPlatformInitiator o.h.e.t.j.p.i.JtaPlatformInitiator - HHH000490: Using JtaPlatform implementation: [org.hibernate.engine.transaction.jta.platform.internal.NoJtaPlatform]
2022-01-24 00:44:49,989 |-INFO  in LocalContainerEntityManagerFactoryBean o.s.o.j.AbstractEntityManagerFactoryBean - Initialized JPA EntityManagerFactory for persistence unit 'default'
2022-01-24 00:44:50,824 |-WARN  in JpaBaseConfiguration$JpaWebConfiguration o.s.b.a.o.j.JpaBaseConfiguration$JpaWebConfiguration - spring.jpa.open-in-view is enabled by default. Therefore, database queries may be performed during view rendering. Explicitly configure spring.jpa.open-in-view to disable this warning
2022-01-24 00:44:51,734 |-INFO  in Http11NioProtocol o.a.j.l.DirectJDKLog - Starting ProtocolHandler ["http-nio-8086"]
2022-01-24 00:44:51,764 |-INFO  in TomcatWebServer o.s.b.w.e.t.TomcatWebServer - Tomcat started on port(s): 8086 (http) with context path ''
2022-01-24 00:44:51,784 |-INFO  in Application o.s.b.StartupInfoLogger - Started Application in 10.268 seconds (JVM running for 14.024)
2022-01-24 00:44:58,699 |-INFO  in LocalContainerEntityManagerFactoryBean o.s.o.j.AbstractEntityManagerFactoryBean - Closing JPA EntityManagerFactory for persistence unit 'default'
2022-01-24 00:44:58,699 |-INFO  in HikariDataSource c.z.h.HikariDataSource - HikariPool-1 - Shutdown initiated...
2022-01-24 00:44:58,967 |-INFO  in HikariDataSource c.z.h.HikariDataSource - HikariPool-1 - Shutdown completed.
2022-01-24 00:56:26,437 |-INFO  in Application o.s.b.StartupInfoLogger - Starting Application using Java 15.0.2 on DESKTOP-U0OGVV4 with PID 5248 (C:\Users\nikol\IdeaProjects\irent-service-1.0.0-SNAPSHOT\target\classes started by nikol in C:\Users\nikol\IdeaProjects\irent-service-1.0.0-SNAPSHOT)
2022-01-24 00:56:26,443 |-DEBUG in Application o.s.b.StartupInfoLogger - Running with Spring Boot v2.6.1, Spring v5.3.13
2022-01-24 00:56:26,443 |-INFO  in Application o.s.b.SpringApplication - No active profile set, falling back to default profiles: default
2022-01-24 00:56:27,457 |-INFO  in RepositoryConfigurationDelegate o.s.d.r.c.RepositoryConfigurationDelegate - Bootstrapping Spring Data JPA repositories in DEFAULT mode.
2022-01-24 00:56:27,602 |-INFO  in RepositoryConfigurationDelegate o.s.d.r.c.RepositoryConfigurationDelegate - Finished Spring Data repository scanning in 129 ms. Found 4 JPA repository interfaces.
2022-01-24 00:56:28,441 |-INFO  in TomcatWebServer o.s.b.w.e.t.TomcatWebServer - Tomcat initialized with port(s): 8086 (http)
2022-01-24 00:56:28,451 |-INFO  in Http11NioProtocol o.a.j.l.DirectJDKLog - Initializing ProtocolHandler ["http-nio-8086"]
2022-01-24 00:56:28,451 |-INFO  in StandardService o.a.j.l.DirectJDKLog - Starting service [Tomcat]
2022-01-24 00:56:28,451 |-INFO  in StandardEngine o.a.j.l.DirectJDKLog - Starting Servlet engine: [Apache Tomcat/9.0.55]
2022-01-24 00:56:28,642 |-INFO  in [/] o.a.j.l.DirectJDKLog - Initializing Spring embedded WebApplicationContext
2022-01-24 00:56:28,642 |-INFO  in ServletWebServerApplicationContext o.s.b.w.s.c.ServletWebServerApplicationContext - Root WebApplicationContext: initialization completed in 2127 ms
2022-01-24 00:56:28,958 |-INFO  in HikariDataSource c.z.h.HikariDataSource - HikariPool-1 - Starting...
2022-01-24 00:56:29,433 |-INFO  in HikariDataSource c.z.h.HikariDataSource - HikariPool-1 - Start completed.
2022-01-24 00:56:29,996 |-INFO  in database l.l.c.JavaLogger - Set default schema name to PUBLIC
2022-01-24 00:56:30,196 |-INFO  in lockservice l.l.c.JavaLogger - Successfully acquired change log lock
2022-01-24 00:56:31,066 |-INFO  in changelog l.l.c.JavaLogger - Reading from PUBLIC.DATABASECHANGELOG
2022-01-24 00:56:31,552 |-INFO  in lockservice l.l.c.JavaLogger - Successfully released change log lock
2022-01-24 00:56:32,196 |-INFO  in LogHelper o.h.j.i.u.LogHelper - HHH000204: Processing PersistenceUnitInfo [name: default]
2022-01-24 00:56:32,296 |-INFO  in Version o.h.Version - HHH000412: Hibernate ORM core version 5.6.1.Final
2022-01-24 00:56:32,543 |-INFO  in Version o.h.a.c.r.j.JavaReflectionManager - HCANN000001: Hibernate Commons Annotations {5.1.2.Final}
2022-01-24 00:56:32,981 |-INFO  in Dialect o.h.d.Dialect - HHH000400: Using dialect: org.hibernate.dialect.H2Dialect
2022-01-24 00:56:33,930 |-INFO  in JtaPlatformInitiator o.h.e.t.j.p.i.JtaPlatformInitiator - HHH000490: Using JtaPlatform implementation: [org.hibernate.engine.transaction.jta.platform.internal.NoJtaPlatform]
2022-01-24 00:56:33,946 |-INFO  in LocalContainerEntityManagerFactoryBean o.s.o.j.AbstractEntityManagerFactoryBean - Initialized JPA EntityManagerFactory for persistence unit 'default'
2022-01-24 00:56:34,817 |-WARN  in JpaBaseConfiguration$JpaWebConfiguration o.s.b.a.o.j.JpaBaseConfiguration$JpaWebConfiguration - spring.jpa.open-in-view is enabled by default. Therefore, database queries may be performed during view rendering. Explicitly configure spring.jpa.open-in-view to disable this warning
2022-01-24 00:56:35,880 |-INFO  in Http11NioProtocol o.a.j.l.DirectJDKLog - Starting ProtocolHandler ["http-nio-8086"]
2022-01-24 00:56:35,920 |-INFO  in TomcatWebServer o.s.b.w.e.t.TomcatWebServer - Tomcat started on port(s): 8086 (http) with context path ''
2022-01-24 00:56:35,936 |-INFO  in Application o.s.b.StartupInfoLogger - Started Application in 10.183 seconds (JVM running for 13.847)
2022-01-24 00:57:57,798 |-INFO  in LocalContainerEntityManagerFactoryBean o.s.o.j.AbstractEntityManagerFactoryBean - Closing JPA EntityManagerFactory for persistence unit 'default'
2022-01-24 00:57:57,800 |-INFO  in HikariDataSource c.z.h.HikariDataSource - HikariPool-1 - Shutdown initiated...
2022-01-24 00:57:57,905 |-INFO  in HikariDataSource c.z.h.HikariDataSource - HikariPool-1 - Shutdown completed.
2022-01-24 01:00:03,460 |-INFO  in Application o.s.b.StartupInfoLogger - Starting Application using Java 15.0.2 on DESKTOP-U0OGVV4 with PID 5212 (C:\Users\nikol\IdeaProjects\irent-service-1.0.0-SNAPSHOT\target\classes started by nikol in C:\Users\nikol\IdeaProjects\irent-service-1.0.0-SNAPSHOT)
2022-01-24 01:00:03,460 |-DEBUG in Application o.s.b.StartupInfoLogger - Running with Spring Boot v2.6.1, Spring v5.3.13
2022-01-24 01:00:03,460 |-INFO  in Application o.s.b.SpringApplication - No active profile set, falling back to default profiles: default
2022-01-24 01:00:04,558 |-INFO  in RepositoryConfigurationDelegate o.s.d.r.c.RepositoryConfigurationDelegate - Bootstrapping Spring Data JPA repositories in DEFAULT mode.
2022-01-24 01:00:04,696 |-INFO  in RepositoryConfigurationDelegate o.s.d.r.c.RepositoryConfigurationDelegate - Finished Spring Data repository scanning in 120 ms. Found 4 JPA repository interfaces.
2022-01-24 01:00:05,488 |-INFO  in TomcatWebServer o.s.b.w.e.t.TomcatWebServer - Tomcat initialized with port(s): 8086 (http)
2022-01-24 01:00:05,504 |-INFO  in Http11NioProtocol o.a.j.l.DirectJDKLog - Initializing ProtocolHandler ["http-nio-8086"]
2022-01-24 01:00:05,504 |-INFO  in StandardService o.a.j.l.DirectJDKLog - Starting service [Tomcat]
2022-01-24 01:00:05,504 |-INFO  in StandardEngine o.a.j.l.DirectJDKLog - Starting Servlet engine: [Apache Tomcat/9.0.55]
2022-01-24 01:00:05,851 |-INFO  in [/] o.a.j.l.DirectJDKLog - Initializing Spring embedded WebApplicationContext
2022-01-24 01:00:05,851 |-INFO  in ServletWebServerApplicationContext o.s.b.w.s.c.ServletWebServerApplicationContext - Root WebApplicationContext: initialization completed in 2329 ms
2022-01-24 01:00:06,815 |-INFO  in HikariDataSource c.z.h.HikariDataSource - HikariPool-1 - Starting...
2022-01-24 01:00:07,936 |-INFO  in HikariDataSource c.z.h.HikariDataSource - HikariPool-1 - Start completed.
2022-01-24 01:00:08,197 |-INFO  in database l.l.c.JavaLogger - Set default schema name to PUBLIC
2022-01-24 01:00:09,701 |-INFO  in lockservice l.l.c.JavaLogger - Successfully acquired change log lock
2022-01-24 01:00:12,827 |-INFO  in changelog l.l.c.JavaLogger - Reading from PUBLIC.DATABASECHANGELOG
2022-01-24 01:00:13,172 |-INFO  in lockservice l.l.c.JavaLogger - Successfully released change log lock
2022-01-24 01:00:14,062 |-INFO  in LogHelper o.h.j.i.u.LogHelper - HHH000204: Processing PersistenceUnitInfo [name: default]
2022-01-24 01:00:14,254 |-INFO  in Version o.h.Version - HHH000412: Hibernate ORM core version 5.6.1.Final
2022-01-24 01:00:14,929 |-INFO  in Version o.h.a.c.r.j.JavaReflectionManager - HCANN000001: Hibernate Commons Annotations {5.1.2.Final}
2022-01-24 01:00:15,647 |-INFO  in Dialect o.h.d.Dialect - HHH000400: Using dialect: org.hibernate.dialect.H2Dialect
2022-01-24 01:00:18,201 |-INFO  in JtaPlatformInitiator o.h.e.t.j.p.i.JtaPlatformInitiator - HHH000490: Using JtaPlatform implementation: [org.hibernate.engine.transaction.jta.platform.internal.NoJtaPlatform]
2022-01-24 01:00:18,261 |-INFO  in LocalContainerEntityManagerFactoryBean o.s.o.j.AbstractEntityManagerFactoryBean - Initialized JPA EntityManagerFactory for persistence unit 'default'
2022-01-24 01:00:20,283 |-WARN  in JpaBaseConfiguration$JpaWebConfiguration o.s.b.a.o.j.JpaBaseConfiguration$JpaWebConfiguration - spring.jpa.open-in-view is enabled by default. Therefore, database queries may be performed during view rendering. Explicitly configure spring.jpa.open-in-view to disable this warning
2022-01-24 01:00:22,092 |-INFO  in Http11NioProtocol o.a.j.l.DirectJDKLog - Starting ProtocolHandler ["http-nio-8086"]
2022-01-24 01:00:22,147 |-INFO  in TomcatWebServer o.s.b.w.e.t.TomcatWebServer - Tomcat started on port(s): 8086 (http) with context path ''
2022-01-24 01:00:22,167 |-INFO  in Application o.s.b.StartupInfoLogger - Started Application in 19.384 seconds (JVM running for 22.649)
2022-01-24 01:36:47,237 |-INFO  in LocalContainerEntityManagerFactoryBean o.s.o.j.AbstractEntityManagerFactoryBean - Closing JPA EntityManagerFactory for persistence unit 'default'
2022-01-24 01:36:47,306 |-INFO  in HikariDataSource c.z.h.HikariDataSource - HikariPool-1 - Shutdown initiated...
2022-01-24 01:36:47,792 |-INFO  in HikariDataSource c.z.h.HikariDataSource - HikariPool-1 - Shutdown completed.
2022-01-24 01:37:23,638 |-INFO  in Application o.s.b.StartupInfoLogger - Starting Application using Java 15.0.2 on DESKTOP-U0OGVV4 with PID 11320 (C:\Users\nikol\IdeaProjects\irent-service-1.0.0-SNAPSHOT\target\classes started by nikol in C:\Users\nikol\IdeaProjects\irent-service-1.0.0-SNAPSHOT)
2022-01-24 01:37:23,647 |-DEBUG in Application o.s.b.StartupInfoLogger - Running with Spring Boot v2.6.1, Spring v5.3.13
2022-01-24 01:37:23,647 |-INFO  in Application o.s.b.SpringApplication - No active profile set, falling back to default profiles: default
2022-01-24 01:37:25,656 |-INFO  in RepositoryConfigurationDelegate o.s.d.r.c.RepositoryConfigurationDelegate - Bootstrapping Spring Data JPA repositories in DEFAULT mode.
2022-01-24 01:37:26,010 |-INFO  in RepositoryConfigurationDelegate o.s.d.r.c.RepositoryConfigurationDelegate - Finished Spring Data repository scanning in 323 ms. Found 4 JPA repository interfaces.
2022-01-24 01:37:28,012 |-INFO  in TomcatWebServer o.s.b.w.e.t.TomcatWebServer - Tomcat initialized with port(s): 8086 (http)
2022-01-24 01:37:28,032 |-INFO  in Http11NioProtocol o.a.j.l.DirectJDKLog - Initializing ProtocolHandler ["http-nio-8086"]
2022-01-24 01:37:28,032 |-INFO  in StandardService o.a.j.l.DirectJDKLog - Starting service [Tomcat]
2022-01-24 01:37:28,032 |-INFO  in StandardEngine o.a.j.l.DirectJDKLog - Starting Servlet engine: [Apache Tomcat/9.0.55]
2022-01-24 01:37:28,409 |-INFO  in [/] o.a.j.l.DirectJDKLog - Initializing Spring embedded WebApplicationContext
2022-01-24 01:37:28,425 |-INFO  in ServletWebServerApplicationContext o.s.b.w.s.c.ServletWebServerApplicationContext - Root WebApplicationContext: initialization completed in 4654 ms
2022-01-24 01:37:29,601 |-INFO  in HikariDataSource c.z.h.HikariDataSource - HikariPool-1 - Starting...
2022-01-24 01:37:30,025 |-INFO  in HikariDataSource c.z.h.HikariDataSource - HikariPool-1 - Start completed.
2022-01-24 01:37:30,273 |-INFO  in database l.l.c.JavaLogger - Set default schema name to PUBLIC
2022-01-24 01:37:30,817 |-INFO  in lockservice l.l.c.JavaLogger - Successfully acquired change log lock
2022-01-24 01:37:32,046 |-INFO  in changelog l.l.c.JavaLogger - Reading from PUBLIC.DATABASECHANGELOG
2022-01-24 01:37:32,209 |-INFO  in lockservice l.l.c.JavaLogger - Successfully released change log lock
2022-01-24 01:37:32,526 |-INFO  in LogHelper o.h.j.i.u.LogHelper - HHH000204: Processing PersistenceUnitInfo [name: default]
2022-01-24 01:37:32,632 |-INFO  in Version o.h.Version - HHH000412: Hibernate ORM core version 5.6.1.Final
2022-01-24 01:37:33,065 |-INFO  in Version o.h.a.c.r.j.JavaReflectionManager - HCANN000001: Hibernate Commons Annotations {5.1.2.Final}
2022-01-24 01:37:33,297 |-INFO  in Dialect o.h.d.Dialect - HHH000400: Using dialect: org.hibernate.dialect.H2Dialect
2022-01-24 01:37:34,733 |-INFO  in JtaPlatformInitiator o.h.e.t.j.p.i.JtaPlatformInitiator - HHH000490: Using JtaPlatform implementation: [org.hibernate.engine.transaction.jta.platform.internal.NoJtaPlatform]
2022-01-24 01:37:34,739 |-INFO  in LocalContainerEntityManagerFactoryBean o.s.o.j.AbstractEntityManagerFactoryBean - Initialized JPA EntityManagerFactory for persistence unit 'default'
2022-01-24 01:37:36,361 |-WARN  in JpaBaseConfiguration$JpaWebConfiguration o.s.b.a.o.j.JpaBaseConfiguration$JpaWebConfiguration - spring.jpa.open-in-view is enabled by default. Therefore, database queries may be performed during view rendering. Explicitly configure spring.jpa.open-in-view to disable this warning
2022-01-24 01:37:38,266 |-INFO  in Http11NioProtocol o.a.j.l.DirectJDKLog - Starting ProtocolHandler ["http-nio-8086"]
2022-01-24 01:37:38,328 |-INFO  in TomcatWebServer o.s.b.w.e.t.TomcatWebServer - Tomcat started on port(s): 8086 (http) with context path ''
2022-01-24 01:37:38,350 |-INFO  in Application o.s.b.StartupInfoLogger - Started Application in 16.153 seconds (JVM running for 23.551)
2022-01-24 01:37:40,940 |-INFO  in LocalContainerEntityManagerFactoryBean o.s.o.j.AbstractEntityManagerFactoryBean - Closing JPA EntityManagerFactory for persistence unit 'default'
2022-01-24 01:37:40,956 |-INFO  in HikariDataSource c.z.h.HikariDataSource - HikariPool-1 - Shutdown initiated...
2022-01-24 01:37:41,241 |-INFO  in HikariDataSource c.z.h.HikariDataSource - HikariPool-1 - Shutdown completed.
2022-01-24 01:44:12,627 |-INFO  in Application o.s.b.StartupInfoLogger - Starting Application using Java 15.0.2 on DESKTOP-U0OGVV4 with PID 6248 (C:\Users\nikol\IdeaProjects\irent-service-1.0.0-SNAPSHOT\target\classes started by nikol in C:\Users\nikol\IdeaProjects\irent-service-1.0.0-SNAPSHOT)
2022-01-24 01:44:12,636 |-DEBUG in Application o.s.b.StartupInfoLogger - Running with Spring Boot v2.6.1, Spring v5.3.13
2022-01-24 01:44:12,636 |-INFO  in Application o.s.b.SpringApplication - No active profile set, falling back to default profiles: default
2022-01-24 01:44:14,688 |-INFO  in RepositoryConfigurationDelegate o.s.d.r.c.RepositoryConfigurationDelegate - Bootstrapping Spring Data JPA repositories in DEFAULT mode.
2022-01-24 01:44:14,906 |-INFO  in RepositoryConfigurationDelegate o.s.d.r.c.RepositoryConfigurationDelegate - Finished Spring Data repository scanning in 198 ms. Found 4 JPA repository interfaces.
2022-01-24 01:44:15,972 |-INFO  in TomcatWebServer o.s.b.w.e.t.TomcatWebServer - Tomcat initialized with port(s): 8086 (http)
2022-01-24 01:44:15,987 |-INFO  in Http11NioProtocol o.a.j.l.DirectJDKLog - Initializing ProtocolHandler ["http-nio-8086"]
2022-01-24 01:44:15,987 |-INFO  in StandardService o.a.j.l.DirectJDKLog - Starting service [Tomcat]
2022-01-24 01:44:15,987 |-INFO  in StandardEngine o.a.j.l.DirectJDKLog - Starting Servlet engine: [Apache Tomcat/9.0.55]
2022-01-24 01:44:16,257 |-INFO  in [/] o.a.j.l.DirectJDKLog - Initializing Spring embedded WebApplicationContext
2022-01-24 01:44:16,257 |-INFO  in ServletWebServerApplicationContext o.s.b.w.s.c.ServletWebServerApplicationContext - Root WebApplicationContext: initialization completed in 3457 ms
2022-01-24 01:44:16,762 |-INFO  in HikariDataSource c.z.h.HikariDataSource - HikariPool-1 - Starting...
2022-01-24 01:44:17,838 |-INFO  in HikariDataSource c.z.h.HikariDataSource - HikariPool-1 - Start completed.
2022-01-24 01:44:18,007 |-INFO  in database l.l.c.JavaLogger - Set default schema name to PUBLIC
2022-01-24 01:44:18,370 |-INFO  in lockservice l.l.c.JavaLogger - Successfully acquired change log lock
2022-01-24 01:44:19,497 |-INFO  in changelog l.l.c.JavaLogger - Reading from PUBLIC.DATABASECHANGELOG
2022-01-24 01:44:19,644 |-INFO  in lockservice l.l.c.JavaLogger - Successfully released change log lock
2022-01-24 01:44:19,876 |-INFO  in LogHelper o.h.j.i.u.LogHelper - HHH000204: Processing PersistenceUnitInfo [name: default]
2022-01-24 01:44:19,961 |-INFO  in Version o.h.Version - HHH000412: Hibernate ORM core version 5.6.1.Final
2022-01-24 01:44:20,331 |-INFO  in Version o.h.a.c.r.j.JavaReflectionManager - HCANN000001: Hibernate Commons Annotations {5.1.2.Final}
2022-01-24 01:44:20,701 |-INFO  in Dialect o.h.d.Dialect - HHH000400: Using dialect: org.hibernate.dialect.H2Dialect
2022-01-24 01:44:22,067 |-INFO  in JtaPlatformInitiator o.h.e.t.j.p.i.JtaPlatformInitiator - HHH000490: Using JtaPlatform implementation: [org.hibernate.engine.transaction.jta.platform.internal.NoJtaPlatform]
2022-01-24 01:44:22,089 |-INFO  in LocalContainerEntityManagerFactoryBean o.s.o.j.AbstractEntityManagerFactoryBean - Initialized JPA EntityManagerFactory for persistence unit 'default'
2022-01-24 01:44:23,456 |-WARN  in JpaBaseConfiguration$JpaWebConfiguration o.s.b.a.o.j.JpaBaseConfiguration$JpaWebConfiguration - spring.jpa.open-in-view is enabled by default. Therefore, database queries may be performed during view rendering. Explicitly configure spring.jpa.open-in-view to disable this warning
2022-01-24 01:44:24,852 |-INFO  in Http11NioProtocol o.a.j.l.DirectJDKLog - Starting ProtocolHandler ["http-nio-8086"]
2022-01-24 01:44:24,897 |-INFO  in TomcatWebServer o.s.b.w.e.t.TomcatWebServer - Tomcat started on port(s): 8086 (http) with context path ''
2022-01-24 01:44:24,913 |-INFO  in Application o.s.b.StartupInfoLogger - Started Application in 13.985 seconds (JVM running for 17.728)
2022-01-24 01:45:19,204 |-INFO  in [/] o.a.j.l.DirectJDKLog - Initializing Spring DispatcherServlet 'dispatcherServlet'
2022-01-24 01:45:19,228 |-INFO  in DispatcherServlet o.s.w.s.FrameworkServlet - Initializing Servlet 'dispatcherServlet'
2022-01-24 01:45:19,593 |-INFO  in DispatcherServlet o.s.w.s.FrameworkServlet - Completed initialization in 365 ms
2022-01-24 01:45:20,369 |-INFO  in RestControllerSecurityInterceptor c.a.r.i.S.c.RestControllerSecurityInterceptor - Пользователь [netreba], роль[ADMIN]
2022-01-24 01:45:22,098 |-INFO  in RestControllerSecurityInterceptor c.a.r.i.S.c.RestControllerSecurityInterceptor - Пользователь [netreba], роль[ADMIN]
2022-01-24 01:45:22,109 |-INFO  in VehicleServiceImpl c.a.r.i.S.s.VehicleServiceImpl - Получение всех транспортов.
2022-01-24 01:45:22,154 |-INFO  in RestControllerSecurityInterceptor c.a.r.i.S.c.RestControllerSecurityInterceptor - Пользователь [netreba], роль[ADMIN]
2022-01-24 01:45:22,165 |-INFO  in VehicleServiceImpl c.a.r.i.S.s.ParkingServiceImpl - получение всех парковок.
2022-01-24 01:45:28,789 |-INFO  in RestControllerSecurityInterceptor c.a.r.i.S.c.RestControllerSecurityInterceptor - Пользователь [netreba], роль[ADMIN]
2022-01-24 01:45:29,464 |-INFO  in RestControllerSecurityInterceptor c.a.r.i.S.c.RestControllerSecurityInterceptor - Пользователь [netreba], роль[ADMIN]
2022-01-24 01:45:29,469 |-INFO  in VehicleServiceImpl c.a.r.i.S.s.ParkingServiceImpl - получение всех парковок.
2022-01-24 01:45:29,469 |-INFO  in RestControllerSecurityInterceptor c.a.r.i.S.c.RestControllerSecurityInterceptor - Пользователь [netreba], роль[ADMIN]
2022-01-24 01:45:29,529 |-INFO  in VehicleServiceImpl c.a.r.i.S.s.VehicleServiceImpl - Получение всех транспортов.
2022-01-24 01:45:42,265 |-INFO  in RestControllerSecurityInterceptor c.a.r.i.S.c.RestControllerSecurityInterceptor - Пользователь [netreba], роль[ADMIN]
2022-01-24 01:45:42,266 |-INFO  in VehicleServiceImpl c.a.r.i.S.s.ParkingServiceImpl - получение всех парковок.
2022-01-24 01:45:49,670 |-INFO  in RestControllerSecurityInterceptor c.a.r.i.S.c.RestControllerSecurityInterceptor - Пользователь [netreba], роль[ADMIN]
2022-01-24 01:45:49,675 |-INFO  in VehicleServiceImpl c.a.r.i.S.s.TripServiceImpl - получение всех поездок
2022-01-24 01:46:05,115 |-INFO  in RestControllerSecurityInterceptor c.a.r.i.S.c.RestControllerSecurityInterceptor - Пользователь [ivanov], роль[USER]
2022-01-24 01:46:05,746 |-INFO  in RestControllerSecurityInterceptor c.a.r.i.S.c.RestControllerSecurityInterceptor - Пользователь [ivanov], роль[USER]
2022-01-24 01:46:05,754 |-INFO  in RestControllerSecurityInterceptor c.a.r.i.S.c.RestControllerSecurityInterceptor - Пользователь [ivanov], роль[USER]
2022-01-24 01:46:05,755 |-INFO  in VehicleServiceImpl c.a.r.i.S.s.VehicleServiceImpl - Получение всех транспортов.
2022-01-24 01:46:05,755 |-INFO  in VehicleServiceImpl c.a.r.i.S.s.ParkingServiceImpl - получение всех парковок.
2022-01-24 01:46:11,046 |-INFO  in RestControllerSecurityInterceptor c.a.r.i.S.c.RestControllerSecurityInterceptor - Пользователь [ivanov], роль[USER]
2022-01-24 01:46:11,046 |-INFO  in VehicleServiceImpl c.a.r.i.S.s.TripServiceImpl - получение всех поездок
2022-01-24 01:46:31,657 |-INFO  in LocalContainerEntityManagerFactoryBean o.s.o.j.AbstractEntityManagerFactoryBean - Closing JPA EntityManagerFactory for persistence unit 'default'
2022-01-24 01:46:31,657 |-INFO  in HikariDataSource c.z.h.HikariDataSource - HikariPool-1 - Shutdown initiated...
2022-01-24 01:46:31,720 |-INFO  in HikariDataSource c.z.h.HikariDataSource - HikariPool-1 - Shutdown completed.
2022-01-24 01:55:18,649 |-INFO  in Application o.s.b.StartupInfoLogger - Starting Application using Java 15.0.2 on DESKTOP-U0OGVV4 with PID 7336 (C:\Users\nikol\IdeaProjects\irent-service-1.0.0-SNAPSHOT\target\classes started by nikol in C:\Users\nikol\IdeaProjects\irent-service-1.0.0-SNAPSHOT)
2022-01-24 01:55:18,664 |-DEBUG in Application o.s.b.StartupInfoLogger - Running with Spring Boot v2.6.1, Spring v5.3.13
2022-01-24 01:55:18,664 |-INFO  in Application o.s.b.SpringApplication - No active profile set, falling back to default profiles: default
2022-01-24 01:55:21,117 |-INFO  in RepositoryConfigurationDelegate o.s.d.r.c.RepositoryConfigurationDelegate - Bootstrapping Spring Data JPA repositories in DEFAULT mode.
2022-01-24 01:55:21,333 |-INFO  in RepositoryConfigurationDelegate o.s.d.r.c.RepositoryConfigurationDelegate - Finished Spring Data repository scanning in 185 ms. Found 4 JPA repository interfaces.
2022-01-24 01:55:22,367 |-INFO  in TomcatWebServer o.s.b.w.e.t.TomcatWebServer - Tomcat initialized with port(s): 8086 (http)
2022-01-24 01:55:22,383 |-INFO  in Http11NioProtocol o.a.j.l.DirectJDKLog - Initializing ProtocolHandler ["http-nio-8086"]
2022-01-24 01:55:22,383 |-INFO  in StandardService o.a.j.l.DirectJDKLog - Starting service [Tomcat]
2022-01-24 01:55:22,383 |-INFO  in StandardEngine o.a.j.l.DirectJDKLog - Starting Servlet engine: [Apache Tomcat/9.0.55]
2022-01-24 01:55:22,801 |-INFO  in [/] o.a.j.l.DirectJDKLog - Initializing Spring embedded WebApplicationContext
2022-01-24 01:55:22,801 |-INFO  in ServletWebServerApplicationContext o.s.b.w.s.c.ServletWebServerApplicationContext - Root WebApplicationContext: initialization completed in 3951 ms
2022-01-24 01:55:23,303 |-INFO  in HikariDataSource c.z.h.HikariDataSource - HikariPool-1 - Starting...
2022-01-24 01:55:24,061 |-INFO  in HikariDataSource c.z.h.HikariDataSource - HikariPool-1 - Start completed.
2022-01-24 01:55:24,215 |-INFO  in database l.l.c.JavaLogger - Set default schema name to PUBLIC
2022-01-24 01:55:24,601 |-INFO  in lockservice l.l.c.JavaLogger - Successfully acquired change log lock
2022-01-24 01:55:25,692 |-INFO  in changelog l.l.c.JavaLogger - Reading from PUBLIC.DATABASECHANGELOG
2022-01-24 01:55:25,959 |-INFO  in lockservice l.l.c.JavaLogger - Successfully released change log lock
2022-01-24 01:55:26,166 |-INFO  in LogHelper o.h.j.i.u.LogHelper - HHH000204: Processing PersistenceUnitInfo [name: default]
2022-01-24 01:55:26,298 |-INFO  in Version o.h.Version - HHH000412: Hibernate ORM core version 5.6.1.Final
2022-01-24 01:55:26,598 |-INFO  in Version o.h.a.c.r.j.JavaReflectionManager - HCANN000001: Hibernate Commons Annotations {5.1.2.Final}
2022-01-24 01:55:27,047 |-INFO  in Dialect o.h.d.Dialect - HHH000400: Using dialect: org.hibernate.dialect.H2Dialect
2022-01-24 01:55:28,273 |-INFO  in JtaPlatformInitiator o.h.e.t.j.p.i.JtaPlatformInitiator - HHH000490: Using JtaPlatform implementation: [org.hibernate.engine.transaction.jta.platform.internal.NoJtaPlatform]
2022-01-24 01:55:28,304 |-INFO  in LocalContainerEntityManagerFactoryBean o.s.o.j.AbstractEntityManagerFactoryBean - Initialized JPA EntityManagerFactory for persistence unit 'default'
2022-01-24 01:55:29,623 |-WARN  in JpaBaseConfiguration$JpaWebConfiguration o.s.b.a.o.j.JpaBaseConfiguration$JpaWebConfiguration - spring.jpa.open-in-view is enabled by default. Therefore, database queries may be performed during view rendering. Explicitly configure spring.jpa.open-in-view to disable this warning
2022-01-24 01:55:31,231 |-INFO  in Http11NioProtocol o.a.j.l.DirectJDKLog - Starting ProtocolHandler ["http-nio-8086"]
2022-01-24 01:55:31,297 |-INFO  in TomcatWebServer o.s.b.w.e.t.TomcatWebServer - Tomcat started on port(s): 8086 (http) with context path ''
2022-01-24 01:55:31,329 |-INFO  in Application o.s.b.StartupInfoLogger - Started Application in 13.932 seconds (JVM running for 16.696)
2022-01-24 01:55:58,540 |-INFO  in VehicleServiceImpl c.a.r.i.S.s.ParkingServiceImpl - получение всех парковок.
2022-01-24 01:56:25,655 |-INFO  in VehicleServiceImpl c.a.r.i.S.s.VehicleServiceImpl - получение транспорта с id = [42] 
2022-01-24 01:57:19,196 |-INFO  in [/] o.a.j.l.DirectJDKLog - Initializing Spring DispatcherServlet 'dispatcherServlet'
2022-01-24 01:57:19,196 |-INFO  in DispatcherServlet o.s.w.s.FrameworkServlet - Initializing Servlet 'dispatcherServlet'
2022-01-24 01:57:19,202 |-INFO  in DispatcherServlet o.s.w.s.FrameworkServlet - Completed initialization in 6 ms
2022-01-24 01:57:19,347 |-INFO  in RestControllerSecurityInterceptor c.a.r.i.S.c.RestControllerSecurityInterceptor - Пользователь [netreba], роль[ADMIN]
2022-01-24 01:57:19,676 |-INFO  in RestControllerSecurityInterceptor c.a.r.i.S.c.RestControllerSecurityInterceptor - Пользователь [netreba], роль[ADMIN]
2022-01-24 01:57:19,676 |-INFO  in VehicleServiceImpl c.a.r.i.S.s.ParkingServiceImpl - получение всех парковок.
2022-01-24 01:57:19,676 |-INFO  in RestControllerSecurityInterceptor c.a.r.i.S.c.RestControllerSecurityInterceptor - Пользователь [netreba], роль[ADMIN]
2022-01-24 01:57:19,692 |-INFO  in VehicleServiceImpl c.a.r.i.S.s.VehicleServiceImpl - Получение всех транспортов.
2022-01-24 01:57:29,257 |-INFO  in RestControllerSecurityInterceptor c.a.r.i.S.c.RestControllerSecurityInterceptor - Пользователь [netreba], роль[ADMIN]
2022-01-24 01:57:29,257 |-INFO  in VehicleServiceImpl c.a.r.i.S.s.TripServiceImpl - получение всех поездок
2022-01-24 01:58:31,290 |-INFO  in RestControllerSecurityInterceptor c.a.r.i.S.c.RestControllerSecurityInterceptor - Пользователь [netreba], роль[ADMIN]
2022-01-24 01:58:31,290 |-INFO  in RestControllerSecurityInterceptor c.a.r.i.S.c.RestControllerSecurityInterceptor - Пользователь [netreba], роль[ADMIN]
2022-01-24 01:58:31,290 |-INFO  in VehicleServiceImpl c.a.r.i.S.s.ParkingServiceImpl - получение всех парковок.
2022-01-24 01:58:31,290 |-INFO  in VehicleServiceImpl c.a.r.i.S.s.VehicleServiceImpl - Получение всех транспортов.
2022-01-24 01:58:53,886 |-INFO  in VehicleServiceImpl c.a.r.i.S.s.VehicleServiceImpl - получение транспорта с id = [42] 
2022-01-24 01:58:59,831 |-INFO  in RestControllerSecurityInterceptor c.a.r.i.S.c.RestControllerSecurityInterceptor - Пользователь [netreba], роль[ADMIN]
2022-01-24 01:58:59,831 |-INFO  in VehicleServiceImpl c.a.r.i.S.s.TripServiceImpl - получение всех поездок
2022-01-24 01:59:14,517 |-INFO  in RestControllerSecurityInterceptor c.a.r.i.S.c.RestControllerSecurityInterceptor - Пользователь [netreba], роль[ADMIN]
2022-01-24 01:59:14,517 |-INFO  in RestControllerSecurityInterceptor c.a.r.i.S.c.RestControllerSecurityInterceptor - Пользователь [netreba], роль[ADMIN]
2022-01-24 01:59:14,519 |-INFO  in VehicleServiceImpl c.a.r.i.S.s.ParkingServiceImpl - получение всех парковок.
2022-01-24 01:59:14,519 |-INFO  in VehicleServiceImpl c.a.r.i.S.s.VehicleServiceImpl - Получение всех транспортов.
2022-01-24 01:59:16,522 |-INFO  in RestControllerSecurityInterceptor c.a.r.i.S.c.RestControllerSecurityInterceptor - Пользователь [netreba], роль[ADMIN]
2022-01-24 01:59:16,522 |-INFO  in VehicleServiceImpl c.a.r.i.S.s.ParkingServiceImpl - получение всех парковок.
2022-01-24 01:59:16,532 |-INFO  in RestControllerSecurityInterceptor c.a.r.i.S.c.RestControllerSecurityInterceptor - Пользователь [netreba], роль[ADMIN]
2022-01-24 01:59:16,542 |-INFO  in VehicleServiceImpl c.a.r.i.S.s.ParkingServiceImpl - получение всех парковок.
2022-01-24 01:59:16,551 |-INFO  in RestControllerSecurityInterceptor c.a.r.i.S.c.RestControllerSecurityInterceptor - Пользователь [netreba], роль[ADMIN]
2022-01-24 01:59:16,562 |-INFO  in VehicleServiceImpl c.a.r.i.S.s.ParkingServiceImpl - получение всех парковок.
2022-01-24 01:59:31,663 |-INFO  in RestControllerSecurityInterceptor c.a.r.i.S.c.RestControllerSecurityInterceptor - Пользователь [netreba], роль[ADMIN]
2022-01-24 01:59:31,672 |-INFO  in VehicleServiceImpl c.a.r.i.S.s.ParkingServiceImpl - получение всех парковок.
2022-01-24 01:59:31,697 |-INFO  in RestControllerSecurityInterceptor c.a.r.i.S.c.RestControllerSecurityInterceptor - Пользователь [netreba], роль[ADMIN]
2022-01-24 01:59:31,703 |-INFO  in VehicleServiceImpl c.a.r.i.S.s.ParkingServiceImpl - получение всех парковок.
2022-01-24 01:59:31,723 |-INFO  in RestControllerSecurityInterceptor c.a.r.i.S.c.RestControllerSecurityInterceptor - Пользователь [netreba], роль[ADMIN]
2022-01-24 01:59:31,723 |-INFO  in VehicleServiceImpl c.a.r.i.S.s.ParkingServiceImpl - получение всех парковок.
2022-01-24 01:59:34,613 |-INFO  in RestControllerSecurityInterceptor c.a.r.i.S.c.RestControllerSecurityInterceptor - Пользователь [netreba], роль[ADMIN]
2022-01-24 01:59:35,080 |-INFO  in RestControllerSecurityInterceptor c.a.r.i.S.c.RestControllerSecurityInterceptor - Пользователь [netreba], роль[ADMIN]
2022-01-24 01:59:35,080 |-INFO  in RestControllerSecurityInterceptor c.a.r.i.S.c.RestControllerSecurityInterceptor - Пользователь [netreba], роль[ADMIN]
2022-01-24 01:59:35,081 |-INFO  in VehicleServiceImpl c.a.r.i.S.s.ParkingServiceImpl - получение всех парковок.
2022-01-24 01:59:35,082 |-INFO  in VehicleServiceImpl c.a.r.i.S.s.VehicleServiceImpl - Получение всех транспортов.
2022-01-24 01:59:36,702 |-INFO  in RestControllerSecurityInterceptor c.a.r.i.S.c.RestControllerSecurityInterceptor - Пользователь [netreba], роль[ADMIN]
2022-01-24 01:59:36,702 |-INFO  in VehicleServiceImpl c.a.r.i.S.s.ParkingServiceImpl - получение всех парковок.
2022-01-24 01:59:44,553 |-ERROR in DefaultBotSession o.t.t.u.DefaultBotSession$ReaderThread - api.telegram.org:443 failed to respond
org.apache.http.NoHttpResponseException: api.telegram.org:443 failed to respond
	at org.apache.http.impl.conn.DefaultHttpResponseParser.parseHead(DefaultHttpResponseParser.java:141)
	at org.apache.http.impl.conn.DefaultHttpResponseParser.parseHead(DefaultHttpResponseParser.java:56)
	at org.apache.http.impl.io.AbstractMessageParser.parse(AbstractMessageParser.java:259)
	at org.apache.http.impl.DefaultBHttpClientConnection.receiveResponseHeader(DefaultBHttpClientConnection.java:163)
	at org.apache.http.impl.conn.CPoolProxy.receiveResponseHeader(CPoolProxy.java:157)
	at org.apache.http.protocol.HttpRequestExecutor.doReceiveResponse(HttpRequestExecutor.java:273)
	at org.apache.http.protocol.HttpRequestExecutor.execute(HttpRequestExecutor.java:125)
	at org.apache.http.impl.execchain.MainClientExec.execute(MainClientExec.java:272)
	at org.apache.http.impl.execchain.ProtocolExec.execute(ProtocolExec.java:186)
	at org.apache.http.impl.execchain.RetryExec.execute(RetryExec.java:89)
	at org.apache.http.impl.execchain.RedirectExec.execute(RedirectExec.java:110)
	at org.apache.http.impl.client.InternalHttpClient.doExecute(InternalHttpClient.java:185)
	at org.apache.http.impl.client.CloseableHttpClient.execute(CloseableHttpClient.java:83)
	at org.telegram.telegrambots.updatesreceivers.DefaultBotSession$ReaderThread.getUpdatesFromServer(DefaultBotSession.java:250)
	at org.telegram.telegrambots.updatesreceivers.DefaultBotSession$ReaderThread.run(DefaultBotSession.java:189)
2022-01-24 01:59:50,603 |-INFO  in RestControllerSecurityInterceptor c.a.r.i.S.c.RestControllerSecurityInterceptor - Пользователь [netreba], роль[ADMIN]
2022-01-24 01:59:50,691 |-INFO  in VehicleServiceImpl c.a.r.i.S.s.VehicleServiceImpl - создание велосипеда.
2022-01-24 01:59:50,724 |-INFO  in RestControllerSecurityInterceptor c.a.r.i.S.c.RestControllerSecurityInterceptor - Пользователь [netreba], роль[ADMIN]
2022-01-24 01:59:50,724 |-INFO  in RestControllerSecurityInterceptor c.a.r.i.S.c.RestControllerSecurityInterceptor - Пользователь [netreba], роль[ADMIN]
2022-01-24 01:59:50,726 |-INFO  in VehicleServiceImpl c.a.r.i.S.s.ParkingServiceImpl - получение всех парковок.
2022-01-24 01:59:50,726 |-INFO  in VehicleServiceImpl c.a.r.i.S.s.VehicleServiceImpl - Получение всех транспортов.
2022-01-24 02:00:00,424 |-INFO  in RestControllerSecurityInterceptor c.a.r.i.S.c.RestControllerSecurityInterceptor - Пользователь [ivanov], роль[USER]
2022-01-24 02:00:01,084 |-INFO  in RestControllerSecurityInterceptor c.a.r.i.S.c.RestControllerSecurityInterceptor - Пользователь [ivanov], роль[USER]
2022-01-24 02:00:01,084 |-INFO  in RestControllerSecurityInterceptor c.a.r.i.S.c.RestControllerSecurityInterceptor - Пользователь [ivanov], роль[USER]
2022-01-24 02:00:01,085 |-INFO  in VehicleServiceImpl c.a.r.i.S.s.ParkingServiceImpl - получение всех парковок.
2022-01-24 02:00:01,085 |-INFO  in VehicleServiceImpl c.a.r.i.S.s.VehicleServiceImpl - Получение всех транспортов.
2022-01-24 02:00:06,334 |-INFO  in RestControllerSecurityInterceptor c.a.r.i.S.c.RestControllerSecurityInterceptor - Пользователь [ivanov], роль[USER]
2022-01-24 02:00:06,339 |-INFO  in VehicleServiceImpl c.a.r.i.S.s.TripServiceImpl - получение всех поездок
2022-01-24 02:00:14,184 |-INFO  in RestControllerSecurityInterceptor c.a.r.i.S.c.RestControllerSecurityInterceptor - Пользователь [ivanov], роль[USER]
2022-01-24 02:00:14,184 |-INFO  in RestControllerSecurityInterceptor c.a.r.i.S.c.RestControllerSecurityInterceptor - Пользователь [ivanov], роль[USER]
2022-01-24 02:00:14,187 |-INFO  in VehicleServiceImpl c.a.r.i.S.s.ParkingServiceImpl - получение всех парковок.
2022-01-24 02:00:14,187 |-INFO  in VehicleServiceImpl c.a.r.i.S.s.VehicleServiceImpl - Получение всех транспортов.
2022-01-24 02:00:14,345 |-INFO  in RestControllerSecurityInterceptor c.a.r.i.S.c.RestControllerSecurityInterceptor - Пользователь [ivanov], роль[USER]
2022-01-24 02:00:14,345 |-INFO  in VehicleServiceImpl c.a.r.i.S.s.TripServiceImpl - получение всех поездок
2022-01-24 02:00:15,100 |-INFO  in RestControllerSecurityInterceptor c.a.r.i.S.c.RestControllerSecurityInterceptor - Пользователь [ivanov], роль[USER]
2022-01-24 02:00:15,100 |-INFO  in RestControllerSecurityInterceptor c.a.r.i.S.c.RestControllerSecurityInterceptor - Пользователь [ivanov], роль[USER]
2022-01-24 02:00:15,105 |-INFO  in VehicleServiceImpl c.a.r.i.S.s.ParkingServiceImpl - получение всех парковок.
2022-01-24 02:00:15,105 |-INFO  in VehicleServiceImpl c.a.r.i.S.s.VehicleServiceImpl - Получение всех транспортов.
2022-01-24 02:02:42,826 |-INFO  in LocalContainerEntityManagerFactoryBean o.s.o.j.AbstractEntityManagerFactoryBean - Closing JPA EntityManagerFactory for persistence unit 'default'
2022-01-24 02:02:43,323 |-INFO  in HikariDataSource c.z.h.HikariDataSource - HikariPool-1 - Shutdown initiated...
2022-01-24 02:02:43,873 |-INFO  in HikariDataSource c.z.h.HikariDataSource - HikariPool-1 - Shutdown completed.
2022-01-24 02:07:23,546 |-INFO  in Application o.s.b.StartupInfoLogger - Starting Application using Java 15.0.2 on DESKTOP-U0OGVV4 with PID 2556 (C:\Users\nikol\IdeaProjects\irent-service-1.0.0-SNAPSHOT\target\classes started by nikol in C:\Users\nikol\IdeaProjects\irent-service-1.0.0-SNAPSHOT)
2022-01-24 02:07:23,546 |-DEBUG in Application o.s.b.StartupInfoLogger - Running with Spring Boot v2.6.1, Spring v5.3.13
2022-01-24 02:07:23,556 |-INFO  in Application o.s.b.SpringApplication - No active profile set, falling back to default profiles: default
2022-01-24 02:07:25,458 |-INFO  in RepositoryConfigurationDelegate o.s.d.r.c.RepositoryConfigurationDelegate - Bootstrapping Spring Data JPA repositories in DEFAULT mode.
2022-01-24 02:07:25,658 |-INFO  in RepositoryConfigurationDelegate o.s.d.r.c.RepositoryConfigurationDelegate - Finished Spring Data repository scanning in 172 ms. Found 4 JPA repository interfaces.
2022-01-24 02:07:26,755 |-INFO  in TomcatWebServer o.s.b.w.e.t.TomcatWebServer - Tomcat initialized with port(s): 8086 (http)
2022-01-24 02:07:26,771 |-INFO  in Http11NioProtocol o.a.j.l.DirectJDKLog - Initializing ProtocolHandler ["http-nio-8086"]
2022-01-24 02:07:26,771 |-INFO  in StandardService o.a.j.l.DirectJDKLog - Starting service [Tomcat]
2022-01-24 02:07:26,771 |-INFO  in StandardEngine o.a.j.l.DirectJDKLog - Starting Servlet engine: [Apache Tomcat/9.0.55]
2022-01-24 02:07:27,050 |-INFO  in [/] o.a.j.l.DirectJDKLog - Initializing Spring embedded WebApplicationContext
2022-01-24 02:07:27,050 |-INFO  in ServletWebServerApplicationContext o.s.b.w.s.c.ServletWebServerApplicationContext - Root WebApplicationContext: initialization completed in 3392 ms
2022-01-24 02:07:27,498 |-INFO  in HikariDataSource c.z.h.HikariDataSource - HikariPool-1 - Starting...
2022-01-24 02:07:28,316 |-INFO  in HikariDataSource c.z.h.HikariDataSource - HikariPool-1 - Start completed.
2022-01-24 02:07:28,486 |-INFO  in database l.l.c.JavaLogger - Set default schema name to PUBLIC
2022-01-24 02:07:28,872 |-INFO  in lockservice l.l.c.JavaLogger - Successfully acquired change log lock
2022-01-24 02:07:29,960 |-INFO  in changelog l.l.c.JavaLogger - Reading from PUBLIC.DATABASECHANGELOG
2022-01-24 02:07:30,154 |-INFO  in lockservice l.l.c.JavaLogger - Successfully released change log lock
2022-01-24 02:07:30,392 |-INFO  in LogHelper o.h.j.i.u.LogHelper - HHH000204: Processing PersistenceUnitInfo [name: default]
2022-01-24 02:07:30,508 |-INFO  in Version o.h.Version - HHH000412: Hibernate ORM core version 5.6.1.Final
2022-01-24 02:07:31,110 |-INFO  in Version o.h.a.c.r.j.JavaReflectionManager - HCANN000001: Hibernate Commons Annotations {5.1.2.Final}
2022-01-24 02:07:31,326 |-INFO  in Dialect o.h.d.Dialect - HHH000400: Using dialect: org.hibernate.dialect.H2Dialect
2022-01-24 02:07:32,561 |-INFO  in JtaPlatformInitiator o.h.e.t.j.p.i.JtaPlatformInitiator - HHH000490: Using JtaPlatform implementation: [org.hibernate.engine.transaction.jta.platform.internal.NoJtaPlatform]
2022-01-24 02:07:32,584 |-INFO  in LocalContainerEntityManagerFactoryBean o.s.o.j.AbstractEntityManagerFactoryBean - Initialized JPA EntityManagerFactory for persistence unit 'default'
2022-01-24 02:07:33,872 |-WARN  in JpaBaseConfiguration$JpaWebConfiguration o.s.b.a.o.j.JpaBaseConfiguration$JpaWebConfiguration - spring.jpa.open-in-view is enabled by default. Therefore, database queries may be performed during view rendering. Explicitly configure spring.jpa.open-in-view to disable this warning
2022-01-24 02:07:36,000 |-INFO  in TomcatWebServer o.s.b.w.e.t.TomcatWebServer - Tomcat started on port(s): 8086 (http) with context path ''
2022-01-24 02:07:36,032 |-INFO  in Application o.s.b.StartupInfoLogger - Started Application in 13.769 seconds (JVM running for 18.167)
2022-01-24 02:07:36,070 |-INFO  in LocalContainerEntityManagerFactoryBean o.s.o.j.AbstractEntityManagerFactoryBean - Closing JPA EntityManagerFactory for persistence unit 'default'
2022-01-24 02:07:36,085 |-INFO  in HikariDataSource c.z.h.HikariDataSource - HikariPool-1 - Shutdown initiated...
2022-01-24 02:07:36,232 |-INFO  in HikariDataSource c.z.h.HikariDataSource - HikariPool-1 - Shutdown completed.
